mode: set
api/features/book/services/service.go:18.67,23.2 1 1
api/features/book/services/service.go:25.81,27.17 2 1
api/features/book/services/service.go:31.2,32.16 2 1
api/features/book/services/service.go:40.2,41.16 2 1
api/features/book/services/service.go:45.2,45.17 1 1
api/features/book/services/service.go:27.17,29.3 1 1
api/features/book/services/service.go:32.16,33.59 1 1
api/features/book/services/service.go:36.3,37.59 2 1
api/features/book/services/service.go:33.59,35.4 1 0
api/features/book/services/service.go:41.16,43.3 1 1
api/features/book/services/service.go:48.100,50.17 2 1
api/features/book/services/service.go:54.2,55.16 2 1
api/features/book/services/service.go:65.2,65.17 1 1
api/features/book/services/service.go:50.17,52.3 1 0
api/features/book/services/service.go:55.16,57.49 2 0
api/features/book/services/service.go:62.3,62.38 1 0
api/features/book/services/service.go:57.49,59.4 1 0
api/features/book/services/service.go:59.9,61.4 1 0
api/features/book/services/service.go:68.64,70.17 2 1
api/features/book/services/service.go:74.2,75.16 2 1
api/features/book/services/service.go:85.2,85.12 1 1
api/features/book/services/service.go:70.17,72.3 1 0
api/features/book/services/service.go:75.16,77.49 2 1
api/features/book/services/service.go:82.3,82.25 1 1
api/features/book/services/service.go:77.49,79.4 1 1
api/features/book/services/service.go:79.9,81.4 1 0
api/features/book/services/service.go:88.67,90.17 2 1
api/features/book/services/service.go:94.2,95.16 2 1
api/features/book/services/service.go:105.2,105.18 1 1
api/features/book/services/service.go:109.2,109.17 1 1
api/features/book/services/service.go:90.17,92.3 1 0
api/features/book/services/service.go:95.16,97.49 2 0
api/features/book/services/service.go:102.3,102.30 1 0
api/features/book/services/service.go:97.49,99.4 1 0
api/features/book/services/service.go:99.9,101.4 1 0
api/features/book/services/service.go:105.18,107.3 1 0
api/features/book/services/service.go:112.54,114.16 2 0
api/features/book/services/service.go:124.2,124.18 1 0
api/features/book/services/service.go:128.2,128.17 1 0
api/features/book/services/service.go:114.16,116.49 2 0
api/features/book/services/service.go:121.3,121.30 1 0
api/features/book/services/service.go:116.49,118.4 1 0
api/features/book/services/service.go:118.9,120.4 1 0
api/features/book/services/service.go:124.18,126.3 1 0
api/features/user/services/service.go:17.45,19.2 1 1
api/features/user/services/service.go:21.82,23.16 2 1
api/features/user/services/service.go:33.2,33.94 1 1
api/features/user/services/service.go:38.2,40.27 2 1
api/features/user/services/service.go:23.16,25.49 2 1
api/features/user/services/service.go:30.3,30.42 1 1
api/features/user/services/service.go:25.49,27.4 1 1
api/features/user/services/service.go:27.9,29.4 1 1
api/features/user/services/service.go:33.94,36.3 1 1
api/features/user/services/service.go:43.72,45.16 2 0
api/features/user/services/service.go:50.2,52.16 3 0
api/features/user/services/service.go:62.2,62.17 1 0
api/features/user/services/service.go:45.16,48.3 2 0
api/features/user/services/service.go:52.16,54.50 2 0
api/features/user/services/service.go:59.3,59.38 1 0
api/features/user/services/service.go:54.50,56.4 1 0
api/features/user/services/service.go:56.9,58.4 1 0
api/features/user/services/service.go:65.71,67.13 2 1
api/features/user/services/service.go:70.2,71.16 2 1
api/features/user/services/service.go:80.2,80.17 1 1
api/features/user/services/service.go:67.13,69.3 1 1
api/features/user/services/service.go:71.16,73.49 2 1
api/features/user/services/service.go:78.3,78.38 1 1
api/features/user/services/service.go:73.49,75.4 1 1
api/features/user/services/service.go:75.9,77.4 1 1
api/features/user/services/service.go:83.92,85.13 2 1
api/features/user/services/service.go:89.2,90.16 2 1
api/features/user/services/service.go:99.2,99.17 1 1
api/features/user/services/service.go:85.13,87.3 1 1
api/features/user/services/service.go:90.16,92.49 2 1
api/features/user/services/service.go:97.3,97.38 1 1
api/features/user/services/service.go:92.49,94.4 1 1
api/features/user/services/service.go:94.9,96.4 1 1
api/features/user/services/service.go:102.59,104.13 2 1
api/features/user/services/service.go:108.2,109.16 2 1
api/features/user/services/service.go:118.2,118.12 1 1
api/features/user/services/service.go:104.13,106.3 1 1
api/features/user/services/service.go:109.16,111.49 2 1
api/features/user/services/service.go:116.3,116.25 1 1
api/features/user/services/service.go:111.49,113.4 1 1
api/features/user/services/service.go:113.9,115.4 1 1
