mode: set
api/features/book/services/service.go:18.67,23.2 1 1
api/features/book/services/service.go:25.81,27.17 2 1
api/features/book/services/service.go:31.2,32.16 2 1
api/features/book/services/service.go:37.2,38.16 2 1
api/features/book/services/service.go:42.2,42.17 1 1
api/features/book/services/service.go:27.17,29.3 1 1
api/features/book/services/service.go:32.16,35.3 2 1
api/features/book/services/service.go:38.16,40.3 1 1
api/features/book/services/service.go:45.100,47.17 2 1
api/features/book/services/service.go:51.2,52.16 2 1
api/features/book/services/service.go:57.2,58.16 2 1
api/features/book/services/service.go:68.2,68.17 1 1
api/features/book/services/service.go:47.17,49.3 1 1
api/features/book/services/service.go:52.16,55.3 2 1
api/features/book/services/service.go:58.16,60.49 2 1
api/features/book/services/service.go:65.3,65.38 1 1
api/features/book/services/service.go:60.49,62.4 1 1
api/features/book/services/service.go:62.9,64.4 1 1
api/features/book/services/service.go:71.64,73.17 2 1
api/features/book/services/service.go:77.2,78.16 2 1
api/features/book/services/service.go:88.2,88.12 1 1
api/features/book/services/service.go:73.17,75.3 1 1
api/features/book/services/service.go:78.16,80.49 2 1
api/features/book/services/service.go:85.3,85.25 1 1
api/features/book/services/service.go:80.49,82.4 1 1
api/features/book/services/service.go:82.9,84.4 1 1
api/features/book/services/service.go:91.67,93.17 2 1
api/features/book/services/service.go:97.2,98.16 2 1
api/features/book/services/service.go:108.2,108.18 1 1
api/features/book/services/service.go:112.2,112.17 1 1
api/features/book/services/service.go:93.17,95.3 1 1
api/features/book/services/service.go:98.16,100.49 2 1
api/features/book/services/service.go:105.3,105.30 1 1
api/features/book/services/service.go:100.49,102.4 1 1
api/features/book/services/service.go:102.9,104.4 1 1
api/features/book/services/service.go:108.18,110.3 1 1
api/features/book/services/service.go:115.54,117.16 2 1
api/features/book/services/service.go:127.2,127.18 1 1
api/features/book/services/service.go:131.2,131.17 1 1
api/features/book/services/service.go:117.16,119.49 2 1
api/features/book/services/service.go:124.3,124.30 1 1
api/features/book/services/service.go:119.49,121.4 1 1
api/features/book/services/service.go:121.9,123.4 1 1
api/features/book/services/service.go:127.18,129.3 1 1
api/features/user/services/service.go:20.68,22.2 1 1
api/features/user/services/service.go:24.82,26.16 2 1
api/features/user/services/service.go:36.2,36.94 1 1
api/features/user/services/service.go:41.2,43.27 2 1
api/features/user/services/service.go:26.16,28.49 2 1
api/features/user/services/service.go:33.3,33.42 1 1
api/features/user/services/service.go:28.49,30.4 1 1
api/features/user/services/service.go:30.9,32.4 1 1
api/features/user/services/service.go:36.94,39.3 1 1
api/features/user/services/service.go:46.72,48.16 2 1
api/features/user/services/service.go:53.2,54.16 2 1
api/features/user/services/service.go:59.2,61.16 3 1
api/features/user/services/service.go:71.2,71.17 1 1
api/features/user/services/service.go:48.16,51.3 2 1
api/features/user/services/service.go:54.16,57.3 2 0
api/features/user/services/service.go:61.16,63.50 2 1
api/features/user/services/service.go:68.3,68.38 1 1
api/features/user/services/service.go:63.50,65.4 1 1
api/features/user/services/service.go:65.9,67.4 1 1
api/features/user/services/service.go:74.71,76.13 2 1
api/features/user/services/service.go:79.2,80.16 2 1
api/features/user/services/service.go:89.2,89.17 1 1
api/features/user/services/service.go:76.13,78.3 1 1
api/features/user/services/service.go:80.16,82.49 2 1
api/features/user/services/service.go:87.3,87.38 1 1
api/features/user/services/service.go:82.49,84.4 1 1
api/features/user/services/service.go:84.9,86.4 1 1
api/features/user/services/service.go:92.92,94.13 2 1
api/features/user/services/service.go:98.2,99.16 2 1
api/features/user/services/service.go:104.2,105.16 2 1
api/features/user/services/service.go:114.2,114.17 1 1
api/features/user/services/service.go:94.13,96.3 1 1
api/features/user/services/service.go:99.16,102.3 2 1
api/features/user/services/service.go:105.16,107.49 2 1
api/features/user/services/service.go:112.3,112.38 1 1
api/features/user/services/service.go:107.49,109.4 1 1
api/features/user/services/service.go:109.9,111.4 1 1
api/features/user/services/service.go:117.59,119.13 2 1
api/features/user/services/service.go:123.2,124.16 2 1
api/features/user/services/service.go:133.2,133.12 1 1
api/features/user/services/service.go:119.13,121.3 1 1
api/features/user/services/service.go:124.16,126.49 2 1
api/features/user/services/service.go:131.3,131.25 1 1
api/features/user/services/service.go:126.49,128.4 1 1
api/features/user/services/service.go:128.9,130.4 1 1
